2020-05-31 07:05:15 updateOffre(): SQLSTATE[23000]: Integrity constraint violation: 1451 Cannot delete or update a parent row: a foreign key constraint fails (`fleet`.`fiche_option`, CONSTRAINT `fk_off_id` FOREIGN KEY (`off_id`) REFERENCES `fiche_offre` (`off_id`))
2020-05-31 07:43:52 updateOffre(): SQLSTATE[23000]: Integrity constraint violation: 1451 Cannot delete or update a parent row: a foreign key constraint fails (`fleet`.`fiche_option`, CONSTRAINT `fk_off_id` FOREIGN KEY (`off_id`) REFERENCES `fiche_offre` (`off_id`))
2020-05-31 08:09:16 updateOffre(): SQLSTATE[23000]: Integrity constraint violation: 1451 Cannot delete or update a parent row: a foreign key constraint fails (`fleet`.`fiche_option`, CONSTRAINT `fk_off_id` FOREIGN KEY (`off_id`) REFERENCES `fiche_offre` (`off_id`) ON DELETE RESTRICT ON UPDATE RESTRICT)
2020-05-31 08:09:24 updateOffre(): SQLSTATE[23000]: Integrity constraint violation: 1451 Cannot delete or update a parent row: a foreign key constraint fails (`fleet`.`fiche_option`, CONSTRAINT `fk_off_id` FOREIGN KEY (`off_id`) REFERENCES `fiche_offre` (`off_id`) ON DELETE RESTRICT ON UPDATE RESTRICT)
2020-05-31 08:09:36 updateOffre(): SQLSTATE[23000]: Integrity constraint violation: 1451 Cannot delete or update a parent row: a foreign key constraint fails (`fleet`.`fiche_option`, CONSTRAINT `fk_off_id` FOREIGN KEY (`off_id`) REFERENCES `fiche_offre` (`off_id`) ON DELETE RESTRICT ON UPDATE RESTRICT)
2020-05-31 08:13:18 updateOffre(): SQLSTATE[23000]: Integrity constraint violation: 1451 Cannot delete or update a parent row: a foreign key constraint fails (`fleet`.`fiche_option`, CONSTRAINT `fk_off_id` FOREIGN KEY (`off_id`) REFERENCES `fiche_offre` (`off_id`) ON DELETE RESTRICT ON UPDATE RESTRICT)
2020-05-31 10:16:38 updateOffre(): SQLSTATE[23000]: Integrity constraint violation: 1451 Cannot delete or update a parent row: a foreign key constraint fails (`fleet`.`fiche_option`, CONSTRAINT `fk_off_id` FOREIGN KEY (`off_id`) REFERENCES `fiche_offre` (`off_id`) ON DELETE RESTRICT ON UPDATE RESTRICT)
2020-05-31 08:56:01 updateOffre(): SQLSTATE[23000]: Integrity constraint violation: 1451 Cannot delete or update a parent row: a foreign key constraint fails (`fleet`.`fiche_option`, CONSTRAINT `fk_off_id` FOREIGN KEY (`off_id`) REFERENCES `fiche_offre` (`off_id`) ON DELETE RESTRICT ON UPDATE RESTRICT)
2020-05-31 08:56:32 updateOffre(): SQLSTATE[23000]: Integrity constraint violation: 1451 Cannot delete or update a parent row: a foreign key constraint fails (`fleet`.`fiche_option`, CONSTRAINT `fk_off_id` FOREIGN KEY (`off_id`) REFERENCES `fiche_offre` (`off_id`) ON DELETE RESTRICT ON UPDATE RESTRICT)
2020-05-31 09:14:45 insertOffre(): SQLSTATE[23000]: Integrity constraint violation: 1062 Duplicata du champ 'HR000103' pour la clef 'PRIMARY'
2020-05-31 09:15:14 updateOffre(): SQLSTATE[23000]: Integrity constraint violation: 1451 Cannot delete or update a parent row: a foreign key constraint fails (`fleet`.`fiche_option`, CONSTRAINT `fk_off_id` FOREIGN KEY (`off_id`) REFERENCES `fiche_offre` (`off_id`) ON DELETE RESTRICT ON UPDATE RESTRICT)
2020-06-01 08:30:43 insertOffre(): SQLSTATE[22007]: Invalid datetime format: 1292 Incorrect date value: '' for column 'off_date_debut' at row 1
2020-06-01 08:31:19 insertOffre(): SQLSTATE[22007]: Invalid datetime format: 1292 Incorrect date value: '' for column 'off_date_debut' at row 1
2020-06-01 08:58:49 insertOffre(): SQLSTATE[23000]: Integrity constraint violation: 1062 Duplicata du champ 'tuti' pour la clef 'PRIMARY'
2020-06-01 09:10:14 insertOffre(): SQLSTATE[23000]: Integrity constraint violation: 1062 Duplicata du champ 'titi' pour la clef 'PRIMARY'
2020-06-01 09:33:08 insertOffre(): SQLSTATE[23000]: Integrity constraint violation: 1062 Duplicata du champ 'toto' pour la clef 'PRIMARY'
2020-06-01 09:35:20 updateOffre(): SQLSTATE[23000]: Integrity constraint violation: 1451 Cannot delete or update a parent row: a foreign key constraint fails (`fleet`.`fiche_option`, CONSTRAINT `fk_off_id` FOREIGN KEY (`off_id`) REFERENCES `fiche_offre` (`off_id`))
2020-06-01 13:25:17 insertOption(): SQLSTATE[23000]: Integrity constraint violation: 1062 Duplicata du champ 'HR000103-bla -dsfdghj' pour la clef 'off_id'
2020-06-01 13:28:46 updateOption(): SQLSTATE[23000]: Integrity constraint violation: 1062 Duplicata du champ 'HR000101-bla -hufdtf' pour la clef 'off_id'
2020-06-01 13:33:29 insertOffre(): SQLSTATE[23000]: Integrity constraint violation: 1062 Duplicata du champ 'HR000101' pour la clef 'PRIMARY'
2020-06-01 13:34:21 insertOption(): SQLSTATE[23000]: Integrity constraint violation: 1062 Duplicata du champ 'HR000101-blabla-retr' pour la clef 'off_id'
2020-06-01 15:09:58 openDatabase(): SQLSTATE[HY000] [2002] Aucune connexion n’a pu être établie car l’ordinateur cible l’a expressément refusée.

2020-06-01 15:18:18 deleteOffre(): SQLSTATE[23000]: Integrity constraint violation: 1451 Cannot delete or update a parent row: a foreign key constraint fails (`fleet`.`fiche_option`, CONSTRAINT `fk_off_id` FOREIGN KEY (`off_id`) REFERENCES `fiche_offre` (`off_id`))
2020-06-01 15:20:36 deleteOffre(): SQLSTATE[23000]: Integrity constraint violation: 1451 Cannot delete or update a parent row: a foreign key constraint fails (`fleet`.`fiche_option`, CONSTRAINT `fk_off_id` FOREIGN KEY (`off_id`) REFERENCES `fiche_offre` (`off_id`))
2020-06-01 15:34:36 deleteOffre(): SQLSTATE[23000]: Integrity constraint violation: 1451 Cannot delete or update a parent row: a foreign key constraint fails (`fleet`.`fiche_option`, CONSTRAINT `fk_off_id` FOREIGN KEY (`off_id`) REFERENCES `fiche_offre` (`off_id`))
2020-06-01 15:34:53 updateOffre(): SQLSTATE[23000]: Integrity constraint violation: 1451 Cannot delete or update a parent row: a foreign key constraint fails (`fleet`.`fiche_option`, CONSTRAINT `fk_off_id` FOREIGN KEY (`off_id`) REFERENCES `fiche_offre` (`off_id`))
